{
  message: 'incorrect password',
  userId: 'unknown user',
  username: 'unknown user',
  level: 'error',
  timestamp: '2025-11-06 14:31:12'
}
{
  message: 'incorrect password',
  userId: 'unknown user',
  username: 'unknown user',
  level: 'error',
  timestamp: '2025-11-06 14:31:25'
}
{
  message: 'incorrect password',
  userId: 'unknown user',
  username: 'unknown user',
  level: 'error',
  timestamp: '2025-11-06 14:33:26'
}
{
  message: 'Username already exists',
  userId: 'unknown user',
  username: 'unknown user',
  level: 'error',
  timestamp: '2025-11-06 14:33:39'
}
{
  message: 'incorrect password',
  userId: 'unknown user',
  username: 'unknown user',
  level: 'error',
  timestamp: '2025-11-06 14:34:02'
}
{
  message: 'incorrect password',
  userId: 'unknown user',
  username: 'unknown user',
  level: 'error',
  timestamp: '2025-11-06 14:34:26'
}
{
  message: 'Please log in to continue',
  userId: 'unknown user',
  username: 'unknown user',
  level: 'error',
  timestamp: '2025-11-06 14:51:37'
}
{
  message: 'Please log in to continue',
  userId: 'unknown user',
  username: 'unknown user',
  level: 'error',
  timestamp: '2025-11-06 14:51:40'
}
{
  message: 'Please log in to continue',
  userId: 'unknown user',
  username: 'unknown user',
  level: 'error',
  timestamp: '2025-11-06 14:51:40'
}
{
  message: 'Please log in to continue',
  userId: 'unknown user',
  username: 'unknown user',
  level: 'error',
  timestamp: '2025-11-06 14:51:53'
}
{
  message: 'Please log in to continue',
  userId: 'unknown user',
  username: 'unknown user',
  level: 'error',
  timestamp: '2025-11-06 14:51:53'
}
{
  message: 'Please log in to continue',
  userId: 'unknown user',
  username: 'unknown user',
  level: 'error',
  timestamp: '2025-11-06 14:54:01'
}
{
  message: 'Please log in to continue',
  userId: 'unknown user',
  username: 'unknown user',
  level: 'error',
  timestamp: '2025-11-06 14:54:01'
}
{
  message: 'Please log in to continue',
  userId: 'unknown user',
  username: 'unknown user',
  level: 'error',
  timestamp: '2025-11-06 14:54:44'
}
{
  message: 'Please log in to continue',
  userId: 'unknown user',
  username: 'unknown user',
  level: 'error',
  timestamp: '2025-11-06 14:54:46'
}
{
  message: 'Please log in to continue',
  userId: 'unknown user',
  username: 'unknown user',
  level: 'error',
  timestamp: '2025-11-06 14:55:38'
}
{
  message: 'Please log in to continue',
  userId: 'unknown user',
  username: 'unknown user',
  level: 'error',
  timestamp: '2025-11-06 14:58:35'
}
{
  message: 'Please log in to continue',
  userId: 'unknown user',
  username: 'unknown user',
  level: 'error',
  timestamp: '2025-11-06 14:59:33'
}
{
  message: 'Please log in to continue',
  userId: 'unknown user',
  username: 'unknown user',
  level: 'error',
  timestamp: '2025-11-06 14:59:36'
}
{
  message: 'Please log in to continue',
  userId: 'unknown user',
  username: 'unknown user',
  level: 'error',
  timestamp: '2025-11-06 14:59:36'
}
{
  message: 'Please log in to continue',
  userId: 'unknown user',
  username: 'unknown user',
  level: 'error',
  timestamp: '2025-11-06 16:10:05'
}
{
  message: 'Please log in to continue',
  userId: 'unknown user',
  username: 'unknown user',
  level: 'error',
  timestamp: '2025-11-06 16:10:08'
}
{
  message: 'incorrect password',
  userId: 'unknown user',
  username: 'unknown user',
  level: 'error',
  timestamp: '2025-11-06 16:10:15'
}
{
  message: 'Please log in to continue',
  userId: 'unknown user',
  username: 'unknown user',
  level: 'error',
  timestamp: '2025-11-06 16:21:05'
}
{
  message: 'Please log in to continue',
  userId: 'unknown user',
  username: 'unknown user',
  level: 'error',
  timestamp: '2025-11-06 16:21:13'
}
{
  message: 'Please log in to continue',
  userId: 'unknown user',
  username: 'unknown user',
  level: 'error',
  timestamp: '2025-11-06 18:48:32'
}
{
  message: 'Please log in to continue',
  userId: 'unknown user',
  username: 'unknown user',
  level: 'error',
  timestamp: '2025-11-06 18:48:39'
}
{
  message: 'Please log in to continue',
  userId: 'unknown user',
  username: 'unknown user',
  level: 'error',
  timestamp: '2025-11-06 18:50:42'
}
{
  message: 'Please log in to continue',
  userId: 'unknown user',
  username: 'unknown user',
  level: 'error',
  timestamp: '2025-11-06 18:50:46'
}
{
  message: 'Please log in to continue',
  userId: 'unknown user',
  username: 'unknown user',
  level: 'error',
  timestamp: '2025-11-06 18:50:51'
}
{
  message: 'Please log in to continue',
  userId: 'unknown user',
  username: 'unknown user',
  level: 'error',
  timestamp: '2025-11-06 18:56:59'
}
{
  message: 'Please log in to continue',
  userId: 'unknown user',
  username: 'unknown user',
  level: 'error',
  timestamp: '2025-11-06 19:10:12'
}
{
  message: 'Please log in to continue',
  userId: 'unknown user',
  username: 'unknown user',
  level: 'error',
  timestamp: '2025-11-07 10:56:54'
}
{
  message: 'No refresh token found',
  userId: 'unknown user',
  username: 'unknown user',
  level: 'error',
  timestamp: '2025-11-07 12:33:20'
}
{
  message: 'No refresh token found',
  userId: 'unknown user',
  username: 'unknown user',
  level: 'error',
  timestamp: '2025-11-07 12:33:20'
}
{
  message: 'No refresh token found',
  userId: 'unknown user',
  username: 'unknown user',
  level: 'error',
  timestamp: '2025-11-07 12:33:57'
}
{
  message: 'No refresh token found',
  userId: 'unknown user',
  username: 'unknown user',
  level: 'error',
  timestamp: '2025-11-07 12:33:59'
}
{
  message: 'Cart is not defined',
  userId: '690d99f1f58490989b7ae9ce',
  username: 'Rohan',
  level: 'error',
  timestamp: '2025-11-07 12:39:20'
}
{
  message: 'Cart is not defined',
  userId: '690d99f1f58490989b7ae9ce',
  username: 'Rohan',
  level: 'error',
  timestamp: '2025-11-07 12:39:52'
}
{
  message: 'Cart is not defined',
  userId: '690d99f1f58490989b7ae9ce',
  username: 'Rohan',
  level: 'error',
  timestamp: '2025-11-07 12:39:56'
}
{
  message: 'Cart is not defined',
  userId: '690d99f1f58490989b7ae9ce',
  username: 'Rohan',
  level: 'error',
  timestamp: '2025-11-07 12:40:17'
}
{
  message: 'Cart is not defined',
  userId: '690d99f1f58490989b7ae9ce',
  username: 'Rohan',
  level: 'error',
  timestamp: '2025-11-07 12:40:36'
}
{
  message: 'Cart is not defined',
  userId: '690d99f1f58490989b7ae9ce',
  username: 'Rohan',
  level: 'error',
  timestamp: '2025-11-07 12:40:50'
}
{
  message: 'Cart is not defined',
  userId: '690d99f1f58490989b7ae9ce',
  username: 'Rohan',
  level: 'error',
  timestamp: '2025-11-07 12:40:52'
}
{
  message: 'Cart is not defined',
  userId: '690d99f1f58490989b7ae9ce',
  username: 'Rohan',
  level: 'error',
  timestamp: '2025-11-07 12:41:32'
}
{
  message: 'Order is not defined',
  userId: '690d99f1f58490989b7ae9ce',
  username: 'Rohan',
  level: 'error',
  timestamp: '2025-11-07 12:46:45'
}
{
  message: 'Order validation failed: Phone: Path `Phone` is required., deliveryAddress: Path `deliveryAddress` is required.',
  userId: '690d99f1f58490989b7ae9ce',
  username: 'Rohan',
  level: 'error',
  timestamp: '2025-11-07 12:47:47'
}
{
  message: 'Order validation failed: Phone: Path `Phone` is required., deliveryAddress: Path `deliveryAddress` is required.',
  userId: '690d99f1f58490989b7ae9ce',
  username: 'Rohan',
  level: 'error',
  timestamp: '2025-11-07 12:47:49'
}
{
  message: 'Order validation failed: Phone: Path `Phone` is required., deliveryAddress: Path `deliveryAddress` is required.',
  userId: '690d99f1f58490989b7ae9ce',
  username: 'Rohan',
  level: 'error',
  timestamp: '2025-11-07 12:48:05'
}
{
  message: 'Order validation failed: Phone: Path `Phone` is required., deliveryAddress: Path `deliveryAddress` is required.',
  userId: '690d99f1f58490989b7ae9ce',
  username: 'Rohan',
  level: 'error',
  timestamp: '2025-11-07 12:48:35'
}
{
  message: 'Order validation failed: Phone: Path `Phone` is required., deliveryAddress: Path `deliveryAddress` is required.',
  userId: '690d99f1f58490989b7ae9ce',
  username: 'Rohan',
  level: 'error',
  timestamp: '2025-11-07 12:48:44'
}
{
  message: 'Order validation failed: Phone: Path `Phone` is required., deliveryAddress: Path `deliveryAddress` is required.',
  userId: '690d99f1f58490989b7ae9ce',
  username: 'Rohan',
  level: 'error',
  timestamp: '2025-11-07 12:48:48'
}
{
  message: 'Order validation failed: Phone: Path `Phone` is required., deliveryAddress: Path `deliveryAddress` is required.',
  userId: '690d99f1f58490989b7ae9ce',
  username: 'Rohan',
  level: 'error',
  timestamp: '2025-11-07 12:48:51'
}
{
  message: 'Order validation failed: Phone: Path `Phone` is required., deliveryAddress: Path `deliveryAddress` is required.',
  userId: '690d99f1f58490989b7ae9ce',
  username: 'Rohan',
  level: 'error',
  timestamp: '2025-11-07 12:49:15'
}
{
  message: 'Order validation failed: Phone: Path `Phone` is required., deliveryAddress: Path `deliveryAddress` is required.',
  userId: '690d99f1f58490989b7ae9ce',
  username: 'Rohan',
  level: 'error',
  timestamp: '2025-11-07 12:50:42'
}
{
  message: 'Order validation failed: Phone: Path `Phone` is required., deliveryAddress: Path `deliveryAddress` is required.',
  userId: '690d99f1f58490989b7ae9ce',
  username: 'Rohan',
  level: 'error',
  timestamp: '2025-11-07 12:50:44'
}
{
  message: 'Order validation failed: Phone: Path `Phone` is required., deliveryAddress: Path `deliveryAddress` is required.',
  userId: '690d99f1f58490989b7ae9ce',
  username: 'Rohan',
  level: 'error',
  timestamp: '2025-11-07 12:52:27'
}
{
  message: 'Please log in to continue',
  userId: 'unknown user',
  username: 'unknown user',
  level: 'error',
  timestamp: '2025-11-07 16:50:12'
}
{
  message: 'Please log in to continue',
  userId: 'unknown user',
  username: 'unknown user',
  level: 'error',
  timestamp: '2025-11-07 16:50:19'
}
{
  message: 'Please log in to continue',
  userId: 'unknown user',
  username: 'unknown user',
  level: 'error',
  timestamp: '2025-11-07 16:50:21'
}
{
  message: 'Please log in to continue',
  userId: 'unknown user',
  username: 'unknown user',
  level: 'error',
  timestamp: '2025-11-07 16:50:22'
}
{
  message: 'Please log in to continue',
  userId: 'unknown user',
  username: 'unknown user',
  level: 'error',
  timestamp: '2025-11-07 16:50:37'
}
{
  message: 'Please log in to continue',
  userId: 'unknown user',
  username: 'unknown user',
  level: 'error',
  timestamp: '2025-11-07 16:50:40'
}
{
  message: 'Order validation failed: Phone: Path `Phone` is required., deliveryAddress: Path `deliveryAddress` is required.',
  userId: '690d99f1f58490989b7ae9ce',
  username: 'Rohan',
  level: 'error',
  timestamp: '2025-11-07 17:03:59'
}
{
  message: 'Order validation failed: Phone: Path `Phone` is required., deliveryAddress: Path `deliveryAddress` is required.',
  userId: '690d99f1f58490989b7ae9ce',
  username: 'Rohan',
  level: 'error',
  timestamp: '2025-11-07 17:04:02'
}
{
  message: 'Please log in to continue',
  userId: 'unknown user',
  username: 'unknown user',
  level: 'error',
  timestamp: '2025-11-08 11:25:16'
}
{
  message: 'Please log in to continue',
  userId: 'unknown user',
  username: 'unknown user',
  level: 'error',
  timestamp: '2025-11-08 11:26:35'
}
{
  message: 'Please log in to continue',
  userId: 'unknown user',
  username: 'unknown user',
  level: 'error',
  timestamp: '2025-11-08 11:26:38'
}
{
  message: 'Please log in to continue',
  userId: 'unknown user',
  username: 'unknown user',
  level: 'error',
  timestamp: '2025-11-08 11:26:43'
}
{
  message: 'Please log in to continue',
  userId: 'unknown user',
  username: 'unknown user',
  level: 'error',
  timestamp: '2025-11-08 11:27:31'
}
{
  message: 'Please log in to continue',
  userId: 'unknown user',
  username: 'unknown user',
  level: 'error',
  timestamp: '2025-11-08 11:27:34'
}
{
  message: 'Please log in to continue',
  userId: 'unknown user',
  username: 'unknown user',
  level: 'error',
  timestamp: '2025-11-08 11:27:38'
}
{
  message: 'Please log in to continue',
  userId: 'unknown user',
  username: 'unknown user',
  level: 'error',
  timestamp: '2025-11-08 11:27:43'
}
{
  message: 'E11000 duplicate key error collection: pizzariadb.refreshes index: email_1 dup key: { email: "rohanambig599@gmail.com" }',
  userId: 'unknown user',
  username: 'unknown user',
  level: 'error',
  timestamp: '2025-11-08 11:28:31'
}
{
  message: 'E11000 duplicate key error collection: pizzariadb.refreshes index: email_1 dup key: { email: "rohanambig599@gmail.com" }',
  userId: 'unknown user',
  username: 'unknown user',
  level: 'error',
  timestamp: '2025-11-08 11:30:16'
}
{
  message: 'E11000 duplicate key error collection: pizzariadb.refreshes index: email_1 dup key: { email: "arpitaambig03@gmail.com" }',
  userId: 'unknown user',
  username: 'unknown user',
  level: 'error',
  timestamp: '2025-11-08 11:30:26'
}
{
  message: 'incorrect password',
  userId: 'unknown user',
  username: 'unknown user',
  level: 'error',
  timestamp: '2025-11-08 11:32:19'
}
{
  message: 'Too many requests, please try again later.',
  userId: 'unknown user',
  username: 'unknown user',
  level: 'error',
  timestamp: '2025-11-08 11:33:02'
}
{
  message: 'Too many requests, please try again later.',
  userId: 'unknown user',
  username: 'unknown user',
  level: 'error',
  timestamp: '2025-11-08 11:33:03'
}
{
  message: 'Too many requests, please try again later.',
  userId: 'unknown user',
  username: 'unknown user',
  level: 'error',
  timestamp: '2025-11-08 11:33:04'
}
{
  message: 'Too many requests, please try again later.',
  userId: 'unknown user',
  username: 'unknown user',
  level: 'error',
  timestamp: '2025-11-08 11:33:05'
}
{
  message: 'Too many requests, please try again later.',
  userId: 'unknown user',
  username: 'unknown user',
  level: 'error',
  timestamp: '2025-11-08 11:33:05'
}
{
  message: 'Too many requests, please try again later.',
  userId: 'unknown user',
  username: 'unknown user',
  level: 'error',
  timestamp: '2025-11-08 11:33:07'
}
{
  message: 'Too many requests, please try again later.',
  userId: 'unknown user',
  username: 'unknown user',
  level: 'error',
  timestamp: '2025-11-08 11:33:08'
}
{
  message: 'Too many requests, please try again later.',
  userId: 'unknown user',
  username: 'unknown user',
  level: 'error',
  timestamp: '2025-11-08 11:33:08'
}
{
  message: 'Too many requests, please try again later.',
  userId: 'unknown user',
  username: 'unknown user',
  level: 'error',
  timestamp: '2025-11-08 11:34:50'
}
{
  message: 'Too many requests, please try again later.',
  userId: 'unknown user',
  username: 'unknown user',
  level: 'error',
  timestamp: '2025-11-08 11:34:51'
}
{
  message: 'Too many requests, please try again later.',
  userId: 'unknown user',
  username: 'unknown user',
  level: 'error',
  timestamp: '2025-11-08 11:34:52'
}
{
  message: 'Too many requests, please try again later.',
  userId: 'unknown user',
  username: 'unknown user',
  level: 'error',
  timestamp: '2025-11-08 11:34:52'
}
{
  message: 'Too many requests, please try again later.',
  userId: 'unknown user',
  username: 'unknown user',
  level: 'error',
  timestamp: '2025-11-08 11:34:52'
}
{
  message: 'Too many requests, please try again later.',
  userId: 'unknown user',
  username: 'unknown user',
  level: 'error',
  timestamp: '2025-11-08 11:34:56'
}
{
  message: 'Too many requests, please try again later.',
  userId: 'unknown user',
  username: 'unknown user',
  level: 'error',
  timestamp: '2025-11-08 11:34:56'
}
{
  message: 'Too many requests, please try again later.',
  userId: 'unknown user',
  username: 'unknown user',
  level: 'error',
  timestamp: '2025-11-08 11:35:34'
}
{
  message: 'Too many requests, please try again later.',
  userId: 'unknown user',
  username: 'unknown user',
  level: 'error',
  timestamp: '2025-11-08 11:35:34'
}
{
  message: 'Too many requests, please try again later.',
  userId: 'unknown user',
  username: 'unknown user',
  level: 'error',
  timestamp: '2025-11-08 11:35:35'
}
{
  message: 'Too many requests, please try again later.',
  userId: 'unknown user',
  username: 'unknown user',
  level: 'error',
  timestamp: '2025-11-08 11:35:35'
}
{
  message: 'Too many requests, please try again later.',
  userId: 'unknown user',
  username: 'unknown user',
  level: 'error',
  timestamp: '2025-11-08 11:35:35'
}
{
  message: 'Too many requests, please try again later.',
  userId: 'unknown user',
  username: 'unknown user',
  level: 'error',
  timestamp: '2025-11-08 11:35:37'
}
{
  message: 'Too many requests, please try again later.',
  userId: 'unknown user',
  username: 'unknown user',
  level: 'error',
  timestamp: '2025-11-08 11:35:37'
}
{
  message: 'Too many requests, please try again later.',
  userId: 'unknown user',
  username: 'unknown user',
  level: 'error',
  timestamp: '2025-11-08 11:35:40'
}
{
  message: 'Too many requests, please try again later.',
  userId: 'unknown user',
  username: 'unknown user',
  level: 'error',
  timestamp: '2025-11-08 11:35:40'
}
{
  message: 'Too many requests, please try again later.',
  userId: 'unknown user',
  username: 'unknown user',
  level: 'error',
  timestamp: '2025-11-08 11:35:40'
}
{
  message: 'Too many requests, please try again later.',
  userId: 'unknown user',
  username: 'unknown user',
  level: 'error',
  timestamp: '2025-11-08 11:36:28'
}
{
  message: 'Too many requests, please try again later.',
  userId: 'unknown user',
  username: 'unknown user',
  level: 'error',
  timestamp: '2025-11-08 11:36:28'
}
{
  message: 'Too many requests, please try again later.',
  userId: 'unknown user',
  username: 'unknown user',
  level: 'error',
  timestamp: '2025-11-08 11:36:31'
}
{
  message: 'Too many requests, please try again later.',
  userId: 'unknown user',
  username: 'unknown user',
  level: 'error',
  timestamp: '2025-11-08 11:36:31'
}
{
  message: 'Too many requests, please try again later.',
  userId: 'unknown user',
  username: 'unknown user',
  level: 'error',
  timestamp: '2025-11-08 11:36:34'
}
{
  message: 'Too many requests, please try again later.',
  userId: 'unknown user',
  username: 'unknown user',
  level: 'error',
  timestamp: '2025-11-08 11:37:15'
}
{
  message: 'Too many requests, please try again later.',
  userId: 'unknown user',
  username: 'unknown user',
  level: 'error',
  timestamp: '2025-11-08 11:37:18'
}
{
  message: 'Too many requests, please try again later.',
  userId: 'unknown user',
  username: 'unknown user',
  level: 'error',
  timestamp: '2025-11-08 11:37:20'
}
{
  message: 'Too many requests, please try again later.',
  userId: 'unknown user',
  username: 'unknown user',
  level: 'error',
  timestamp: '2025-11-08 11:37:24'
}
{
  message: 'Too many requests, please try again later.',
  userId: 'unknown user',
  username: 'unknown user',
  level: 'error',
  timestamp: '2025-11-08 11:37:27'
}
{
  message: 'Too many requests, please try again later.',
  userId: 'unknown user',
  username: 'unknown user',
  level: 'error',
  timestamp: '2025-11-08 11:37:32'
}
{
  message: 'Too many requests, please try again later.',
  userId: 'unknown user',
  username: 'unknown user',
  level: 'error',
  timestamp: '2025-11-08 11:40:23'
}
{
  message: 'Too many requests, please try again later.',
  userId: 'unknown user',
  username: 'unknown user',
  level: 'error',
  timestamp: '2025-11-08 11:40:25'
}
{
  message: 'Too many requests, please try again later.',
  userId: 'unknown user',
  username: 'unknown user',
  level: 'error',
  timestamp: '2025-11-08 11:40:41'
}
{
  message: 'Too many requests, please try again later.',
  userId: 'unknown user',
  username: 'unknown user',
  level: 'error',
  timestamp: '2025-11-08 11:40:51'
}
{
  message: 'Too many requests, please try again later.',
  userId: 'unknown user',
  username: 'unknown user',
  level: 'error',
  timestamp: '2025-11-08 11:40:53'
}
{
  message: 'Too many requests, please try again later.',
  userId: 'unknown user',
  username: 'unknown user',
  level: 'error',
  timestamp: '2025-11-08 11:40:58'
}
{
  message: 'Too many requests, please try again later.',
  userId: 'unknown user',
  username: 'unknown user',
  level: 'error',
  timestamp: '2025-11-08 11:41:04'
}
{
  message: 'Too many requests, please try again later.',
  userId: 'unknown user',
  username: 'unknown user',
  level: 'error',
  timestamp: '2025-11-08 11:41:07'
}
{
  message: 'Too many requests, please try again later.',
  userId: 'unknown user',
  username: 'unknown user',
  level: 'error',
  timestamp: '2025-11-08 11:41:11'
}
{
  message: 'Too many requests, please try again later.',
  userId: 'unknown user',
  username: 'unknown user',
  level: 'error',
  timestamp: '2025-11-08 11:41:13'
}
{
  message: 'Too many requests, please try again later.',
  userId: 'unknown user',
  username: 'unknown user',
  level: 'error',
  timestamp: '2025-11-08 11:41:20'
}
{
  message: 'Too many requests, please try again later.',
  userId: 'unknown user',
  username: 'unknown user',
  level: 'error',
  timestamp: '2025-11-08 11:41:35'
}
{
  message: 'Too many requests, please try again later.',
  userId: 'unknown user',
  username: 'unknown user',
  level: 'error',
  timestamp: '2025-11-08 11:41:42'
}
{
  message: "Cannot read properties of undefined (reading '_id')",
  userId: 'unknown user',
  username: 'unknown user',
  level: 'error',
  timestamp: '2025-11-08 11:42:19'
}
{
  message: 'Too many requests, please try again later.',
  userId: 'unknown user',
  username: 'unknown user',
  level: 'error',
  timestamp: '2025-11-08 11:42:34'
}
{
  message: 'Too many requests, please try again later.',
  userId: 'unknown user',
  username: 'unknown user',
  level: 'error',
  timestamp: '2025-11-08 11:42:36'
}
{
  message: 'Too many requests, please try again later.',
  userId: 'unknown user',
  username: 'unknown user',
  level: 'error',
  timestamp: '2025-11-08 11:56:09'
}
{
  message: 'Too many requests, please try again later.',
  userId: 'unknown user',
  username: 'unknown user',
  level: 'error',
  timestamp: '2025-11-08 11:56:16'
}
{
  message: 'Too many requests, please try again later.',
  userId: 'unknown user',
  username: 'unknown user',
  level: 'error',
  timestamp: '2025-11-08 11:56:21'
}
{
  message: 'Too many requests, please try again later.',
  userId: 'unknown user',
  username: 'unknown user',
  level: 'error',
  timestamp: '2025-11-08 11:56:25'
}
{
  message: 'Too many requests, please try again later.',
  userId: 'unknown user',
  username: 'unknown user',
  level: 'error',
  timestamp: '2025-11-08 11:56:28'
}
{
  message: 'Too many requests, please try again later.',
  userId: 'unknown user',
  username: 'unknown user',
  level: 'error',
  timestamp: '2025-11-08 11:56:44'
}
{
  message: 'Too many requests, please try again later.',
  userId: 'unknown user',
  username: 'unknown user',
  level: 'error',
  timestamp: '2025-11-08 11:56:45'
}
{
  message: 'userID is not defined',
  userId: '690d99f1f58490989b7ae9ce',
  username: 'Rohan',
  level: 'error',
  timestamp: '2025-11-08 12:00:41'
}
{
  message: 'userID is not defined',
  userId: '690d99f1f58490989b7ae9ce',
  username: 'Rohan',
  level: 'error',
  timestamp: '2025-11-08 12:00:50'
}
{
  message: 'userID is not defined',
  userId: '690d99f1f58490989b7ae9ce',
  username: 'Rohan',
  level: 'error',
  timestamp: '2025-11-08 12:01:57'
}
{
  message: 'userID is not defined',
  userId: '690d99f1f58490989b7ae9ce',
  username: 'Rohan',
  level: 'error',
  timestamp: '2025-11-08 12:02:18'
}
{
  message: 'userID is not defined',
  userId: '690d99f1f58490989b7ae9ce',
  username: 'Rohan',
  level: 'error',
  timestamp: '2025-11-08 12:03:00'
}
{
  message: 'userID is not defined',
  userId: '690d99f1f58490989b7ae9ce',
  username: 'Rohan',
  level: 'error',
  timestamp: '2025-11-08 12:03:01'
}
{
  message: 'userID is not defined',
  userId: '690d99f1f58490989b7ae9ce',
  username: 'Rohan',
  level: 'error',
  timestamp: '2025-11-08 12:03:24'
}
{
  message: 'userID is not defined',
  userId: '690d99f1f58490989b7ae9ce',
  username: 'Rohan',
  level: 'error',
  timestamp: '2025-11-08 12:03:29'
}
{
  message: 'Cannot populate path `pizzaID` because it is not in your schema. Set the `strictPopulate` option to false to override.',
  userId: '690d99f1f58490989b7ae9ce',
  username: 'Rohan',
  level: 'error',
  timestamp: '2025-11-08 12:21:11'
}
{
  message: 'Cannot populate path `pizzaID` because it is not in your schema. Set the `strictPopulate` option to false to override.',
  userId: '690d99f1f58490989b7ae9ce',
  username: 'Rohan',
  level: 'error',
  timestamp: '2025-11-08 12:21:36'
}
{
  message: 'Order validation failed: Phone: Cast to Number failed for value "3498732857094`" (type string) at path "Phone"',
  userId: '690d9c6d4ed1c71878fe7af7',
  username: 'Arpita',
  level: 'error',
  timestamp: '2025-11-08 12:27:45'
}
{
  message: 'Order validation failed: Phone: Cast to Number failed for value "3498732857094`" (type string) at path "Phone"',
  userId: '690d9c6d4ed1c71878fe7af7',
  username: 'Arpita',
  level: 'error',
  timestamp: '2025-11-08 12:27:48'
}
{
  message: 'Please log in to continue',
  userId: 'unknown user',
  username: 'unknown user',
  level: 'error',
  timestamp: '2025-11-08 15:14:01'
}
{
  message: 'Please log in to continue',
  userId: 'unknown user',
  username: 'unknown user',
  level: 'error',
  timestamp: '2025-11-08 15:14:06'
}
{
  message: 'Please log in to continue',
  userId: 'unknown user',
  username: 'unknown user',
  level: 'error',
  timestamp: '2025-11-09 11:06:09'
}
{
  message: 'Please log in to continue',
  userId: 'unknown user',
  username: 'unknown user',
  level: 'error',
  timestamp: '2025-11-09 11:06:17'
}
{
  message: 'Please log in to continue',
  userId: 'unknown user',
  username: 'unknown user',
  level: 'error',
  timestamp: '2025-11-09 11:06:19'
}
{
  message: 'Please log in to continue',
  userId: 'unknown user',
  username: 'unknown user',
  level: 'error',
  timestamp: '2025-11-09 18:42:14'
}
{
  message: 'Please log in to continue',
  userId: 'unknown user',
  username: 'unknown user',
  level: 'error',
  timestamp: '2025-11-09 18:44:40'
}
{
  message: 'Please log in to continue',
  userId: 'unknown user',
  username: 'unknown user',
  level: 'error',
  timestamp: '2025-11-09 18:44:45'
}
{
  message: 'Please log in to continue',
  userId: 'unknown user',
  username: 'unknown user',
  level: 'error',
  timestamp: '2025-11-09 18:44:50'
}
{
  message: 'Please log in to continue',
  userId: 'unknown user',
  username: 'unknown user',
  level: 'error',
  timestamp: '2025-11-09 18:45:35'
}
{
  message: 'Please log in to continue',
  userId: 'unknown user',
  username: 'unknown user',
  level: 'error',
  timestamp: '2025-11-09 18:47:12'
}
{
  message: 'Please log in to continue',
  userId: 'unknown user',
  username: 'unknown user',
  level: 'error',
  timestamp: '2025-11-09 18:47:18'
}
{
  message: 'Please log in to continue',
  userId: 'unknown user',
  username: 'unknown user',
  level: 'error',
  timestamp: '2025-11-09 18:47:20'
}
{
  message: 'Please log in to continue',
  userId: 'unknown user',
  username: 'unknown user',
  level: 'error',
  timestamp: '2025-11-09 18:47:20'
}
{
  message: 'Please log in to continue',
  userId: 'unknown user',
  username: 'unknown user',
  level: 'error',
  timestamp: '2025-11-09 18:54:05'
}
{
  message: 'Please log in to continue',
  userId: 'unknown user',
  username: 'unknown user',
  level: 'error',
  timestamp: '2025-11-09 18:54:08'
}
